app/build/intermediates/manifest_merge_blame_file/debug/manifest-merger-blame-debug-report.txt
1<?xml version="1.0" encoding="utf-8"?>
2<manifest xmlns:android="http://schemas.android.com/apk/res/android"
3    package="com.example.stagii"
4    android:versionCode="1"
5    android:versionName="1.0" >
6
7    <uses-sdk
8        android:minSdkVersion="24"
9        android:targetSdkVersion="33" />
10
11    <uses-permission android:name="android.permission.READ_EXTERNAL_STORAGE" />
11-->src\main\AndroidManifest.xml:4:5-80
11-->src\main\AndroidManifest.xml:4:22-77
12    <uses-permission android:name="android.permission.WRITE_EXTERNAL_STORAGE" />
12-->src\main\AndroidManifest.xml:5:5-81
12-->src\main\AndroidManifest.xml:5:22-78
13
14    <permission
14-->[androidx.core:core:1.9.0] AndroidManifest.xml:22:5-24:47
15        android:name="com.example.stagii.DYNAMIC_RECEIVER_NOT_EXPORTED_PERMISSION"
15-->[androidx.core:core:1.9.0] AndroidManifest.xml:23:9-81
16        android:protectionLevel="signature" />
16-->[androidx.core:core:1.9.0] AndroidManifest.xml:24:9-44
17
18    <uses-permission android:name="com.example.stagii.DYNAMIC_RECEIVER_NOT_EXPORTED_PERMISSION" />
18-->[androidx.core:core:1.9.0] AndroidManifest.xml:26:5-97
18-->[androidx.core:core:1.9.0] AndroidManifest.xml:26:22-94
19
20    <application
20-->src\main\AndroidManifest.xml:7:5-158:19
21        android:allowBackup="true"
21-->src\main\AndroidManifest.xml:8:9-35
22        android:appComponentFactory="androidx.core.app.CoreComponentFactory"
22-->[androidx.core:core:1.9.0] AndroidManifest.xml:28:18-86
23        android:dataExtractionRules="@xml/data_extraction_rules"
23-->src\main\AndroidManifest.xml:9:9-65
24        android:debuggable="true"
25        android:extractNativeLibs="false"
26        android:fullBackupContent="@xml/backup_rules"
26-->src\main\AndroidManifest.xml:10:9-54
27        android:icon="@mipmap/ic_launcher"
27-->src\main\AndroidManifest.xml:11:9-43
28        android:label="@string/app_name"
28-->src\main\AndroidManifest.xml:12:9-41
29        android:roundIcon="@mipmap/ic_launcher_round"
29-->src\main\AndroidManifest.xml:13:9-54
30        android:supportsRtl="true"
30-->src\main\AndroidManifest.xml:14:9-35
31        android:testOnly="true"
32        android:theme="@style/Theme.STAGII" >
32-->src\main\AndroidManifest.xml:15:9-44
33        <activity
33-->src\main\AndroidManifest.xml:17:9-26:20
34            android:name="com.example.stagii.globalActivity.SplashScreenActivity"
34-->src\main\AndroidManifest.xml:18:13-64
35            android:exported="true"
35-->src\main\AndroidManifest.xml:19:13-36
36            android:label="@string/app_name"
36-->src\main\AndroidManifest.xml:20:13-45
37            android:theme="@style/Theme.STAGII.NoActionBar" >
37-->src\main\AndroidManifest.xml:21:13-60
38            <intent-filter>
38-->src\main\AndroidManifest.xml:22:13-25:29
39                <action android:name="android.intent.action.MAIN" />
39-->src\main\AndroidManifest.xml:23:17-69
39-->src\main\AndroidManifest.xml:23:25-66
40
41                <category android:name="android.intent.category.LAUNCHER" />
41-->src\main\AndroidManifest.xml:24:17-77
41-->src\main\AndroidManifest.xml:24:27-74
42            </intent-filter>
43        </activity>
44        <activity
44-->src\main\AndroidManifest.xml:27:9-36:20
45            android:name="com.example.stagii.user.FaculteFragement"
45-->src\main\AndroidManifest.xml:28:13-50
46            android:exported="true"
46-->src\main\AndroidManifest.xml:29:13-36
47            android:theme="@style/Theme.STAGII.NoActionBar" >
47-->src\main\AndroidManifest.xml:30:13-60
48            <intent-filter>
48-->src\main\AndroidManifest.xml:22:13-25:29
49                <action android:name="android.intent.action.MAIN" />
49-->src\main\AndroidManifest.xml:23:17-69
49-->src\main\AndroidManifest.xml:23:25-66
50
51                <category android:name="android.intent.category.LAUNCHER" />
51-->src\main\AndroidManifest.xml:24:17-77
51-->src\main\AndroidManifest.xml:24:27-74
52            </intent-filter>
53        </activity>
54        <activity
54-->src\main\AndroidManifest.xml:38:9-48:20
55            android:name="com.example.stagii.globalActivity.LoginActivity"
55-->src\main\AndroidManifest.xml:39:13-57
56            android:exported="true"
56-->src\main\AndroidManifest.xml:40:13-36
57            android:label="@string/app_name"
57-->src\main\AndroidManifest.xml:41:13-45
58            android:theme="@style/Theme.STAGII.NoActionBar" >
58-->src\main\AndroidManifest.xml:42:13-60
59            <intent-filter>
59-->src\main\AndroidManifest.xml:22:13-25:29
60                <action android:name="android.intent.action.MAIN" />
60-->src\main\AndroidManifest.xml:23:17-69
60-->src\main\AndroidManifest.xml:23:25-66
61
62                <category android:name="android.intent.category.LAUNCHER" />
62-->src\main\AndroidManifest.xml:24:17-77
62-->src\main\AndroidManifest.xml:24:27-74
63            </intent-filter>
64        </activity>
65        <activity
65-->src\main\AndroidManifest.xml:49:9-59:20
66            android:name="com.example.stagii.globalActivity.HomeActivity"
66-->src\main\AndroidManifest.xml:50:13-56
67            android:exported="true"
67-->src\main\AndroidManifest.xml:51:13-36
68            android:label="@string/app_name"
68-->src\main\AndroidManifest.xml:52:13-45
69            android:theme="@style/Theme.STAGII.NoActionBar" >
69-->src\main\AndroidManifest.xml:53:13-60
70            <intent-filter>
70-->src\main\AndroidManifest.xml:22:13-25:29
71                <action android:name="android.intent.action.MAIN" />
71-->src\main\AndroidManifest.xml:23:17-69
71-->src\main\AndroidManifest.xml:23:25-66
72
73                <category android:name="android.intent.category.LAUNCHER" />
73-->src\main\AndroidManifest.xml:24:17-77
73-->src\main\AndroidManifest.xml:24:27-74
74            </intent-filter>
75        </activity>
76        <activity
76-->src\main\AndroidManifest.xml:63:9-72:20
77            android:name="com.example.stagii.job.Postulate"
77-->src\main\AndroidManifest.xml:64:13-42
78            android:exported="true"
78-->src\main\AndroidManifest.xml:65:13-36
79            android:label="@string/app_name"
79-->src\main\AndroidManifest.xml:66:13-45
80            android:theme="@style/Theme.STAGII.NoActionBar" >
80-->src\main\AndroidManifest.xml:67:13-60
81            <intent-filter>
81-->src\main\AndroidManifest.xml:22:13-25:29
82                <action android:name="android.intent.action.MAIN" />
82-->src\main\AndroidManifest.xml:23:17-69
82-->src\main\AndroidManifest.xml:23:25-66
83
84                <category android:name="android.intent.category.LAUNCHER" />
84-->src\main\AndroidManifest.xml:24:17-77
84-->src\main\AndroidManifest.xml:24:27-74
85            </intent-filter>
86        </activity>
87        <activity
87-->src\main\AndroidManifest.xml:73:9-83:20
88            android:name="com.example.stagii.globalActivity.StudentAcceuil"
88-->src\main\AndroidManifest.xml:74:13-58
89            android:exported="true"
89-->src\main\AndroidManifest.xml:75:13-36
90            android:label="@string/app_name"
90-->src\main\AndroidManifest.xml:76:13-45
91            android:theme="@style/Theme.STAGII.NoActionBar" >
91-->src\main\AndroidManifest.xml:77:13-60
92            <intent-filter>
92-->src\main\AndroidManifest.xml:22:13-25:29
93                <action android:name="android.intent.action.MAIN" />
93-->src\main\AndroidManifest.xml:23:17-69
93-->src\main\AndroidManifest.xml:23:25-66
94
95                <category android:name="android.intent.category.LAUNCHER" />
95-->src\main\AndroidManifest.xml:24:17-77
95-->src\main\AndroidManifest.xml:24:27-74
96            </intent-filter>
97        </activity>
98        <activity
98-->src\main\AndroidManifest.xml:86:9-96:20
99            android:name="com.example.stagii.job.JobFind"
99-->src\main\AndroidManifest.xml:87:13-40
100            android:exported="true"
100-->src\main\AndroidManifest.xml:88:13-36
101            android:label="@string/app_name"
101-->src\main\AndroidManifest.xml:89:13-45
102            android:theme="@style/Theme.STAGII.NoActionBar" >
102-->src\main\AndroidManifest.xml:90:13-60
103            <intent-filter>
103-->src\main\AndroidManifest.xml:22:13-25:29
104                <action android:name="android.intent.action.MAIN" />
104-->src\main\AndroidManifest.xml:23:17-69
104-->src\main\AndroidManifest.xml:23:25-66
105
106                <category android:name="android.intent.category.LAUNCHER" />
106-->src\main\AndroidManifest.xml:24:17-77
106-->src\main\AndroidManifest.xml:24:27-74
107            </intent-filter>
108        </activity>
109        <activity
109-->src\main\AndroidManifest.xml:97:9-107:20
110            android:name="com.example.stagii.user.UserProfile"
110-->src\main\AndroidManifest.xml:98:13-45
111            android:exported="true"
111-->src\main\AndroidManifest.xml:99:13-36
112            android:label="@string/app_name"
112-->src\main\AndroidManifest.xml:100:13-45
113            android:theme="@style/Theme.STAGII.NoActionBar" >
113-->src\main\AndroidManifest.xml:101:13-60
114            <intent-filter>
114-->src\main\AndroidManifest.xml:22:13-25:29
115                <action android:name="android.intent.action.MAIN" />
115-->src\main\AndroidManifest.xml:23:17-69
115-->src\main\AndroidManifest.xml:23:25-66
116
117                <category android:name="android.intent.category.LAUNCHER" />
117-->src\main\AndroidManifest.xml:24:17-77
117-->src\main\AndroidManifest.xml:24:27-74
118            </intent-filter>
119        </activity>
120        <activity
120-->src\main\AndroidManifest.xml:108:9-117:20
121            android:name="com.example.stagii.notification.Alert"
121-->src\main\AndroidManifest.xml:109:13-47
122            android:exported="true"
122-->src\main\AndroidManifest.xml:110:13-36
123            android:theme="@style/Theme.STAGII.NoActionBar" >
123-->src\main\AndroidManifest.xml:111:13-60
124            <intent-filter>
124-->src\main\AndroidManifest.xml:22:13-25:29
125                <action android:name="android.intent.action.MAIN" />
125-->src\main\AndroidManifest.xml:23:17-69
125-->src\main\AndroidManifest.xml:23:25-66
126
127                <category android:name="android.intent.category.LAUNCHER" />
127-->src\main\AndroidManifest.xml:24:17-77
127-->src\main\AndroidManifest.xml:24:27-74
128            </intent-filter>
129        </activity>
130        <activity
130-->src\main\AndroidManifest.xml:126:9-136:20
131            android:name="com.example.stagii.job.JobCardView"
131-->src\main\AndroidManifest.xml:127:13-44
132            android:exported="true"
132-->src\main\AndroidManifest.xml:128:13-36
133            android:label="@string/app_name"
133-->src\main\AndroidManifest.xml:129:13-45
134            android:theme="@style/Theme.STAGII.NoActionBar" >
134-->src\main\AndroidManifest.xml:130:13-60
135            <intent-filter>
135-->src\main\AndroidManifest.xml:22:13-25:29
136                <action android:name="android.intent.action.MAIN" />
136-->src\main\AndroidManifest.xml:23:17-69
136-->src\main\AndroidManifest.xml:23:25-66
137
138                <category android:name="android.intent.category.LAUNCHER" />
138-->src\main\AndroidManifest.xml:24:17-77
138-->src\main\AndroidManifest.xml:24:27-74
139            </intent-filter>
140        </activity>
141        <activity
141-->src\main\AndroidManifest.xml:137:9-146:20
142            android:name="com.example.stagii.MainActivity"
142-->src\main\AndroidManifest.xml:138:13-41
143            android:exported="true"
143-->src\main\AndroidManifest.xml:139:13-36
144            android:theme="@style/Theme.STAGII.NoActionBar" >
144-->src\main\AndroidManifest.xml:140:13-60
145            <intent-filter>
145-->src\main\AndroidManifest.xml:22:13-25:29
146                <action android:name="android.intent.action.MAIN" />
146-->src\main\AndroidManifest.xml:23:17-69
146-->src\main\AndroidManifest.xml:23:25-66
147
148                <category android:name="android.intent.category.LAUNCHER" />
148-->src\main\AndroidManifest.xml:24:17-77
148-->src\main\AndroidManifest.xml:24:27-74
149            </intent-filter>
150        </activity>
151        <activity
151-->src\main\AndroidManifest.xml:147:9-156:20
152            android:name="com.example.stagii.globalActivity.firstPage"
152-->src\main\AndroidManifest.xml:148:13-53
153            android:exported="true"
153-->src\main\AndroidManifest.xml:149:13-36
154            android:theme="@style/Theme.STAGII.NoActionBar" >
154-->src\main\AndroidManifest.xml:150:13-60
155            <intent-filter>
155-->src\main\AndroidManifest.xml:22:13-25:29
156                <action android:name="android.intent.action.MAIN" />
156-->src\main\AndroidManifest.xml:23:17-69
156-->src\main\AndroidManifest.xml:23:25-66
157
158                <category android:name="android.intent.category.LAUNCHER" />
158-->src\main\AndroidManifest.xml:24:17-77
158-->src\main\AndroidManifest.xml:24:27-74
159            </intent-filter>
160        </activity>
161
162        <provider
162-->[androidx.emoji2:emoji2:1.2.0] AndroidManifest.xml:24:9-32:20
163            android:name="androidx.startup.InitializationProvider"
163-->[androidx.emoji2:emoji2:1.2.0] AndroidManifest.xml:25:13-67
164            android:authorities="com.example.stagii.androidx-startup"
164-->[androidx.emoji2:emoji2:1.2.0] AndroidManifest.xml:26:13-68
165            android:exported="false" >
165-->[androidx.emoji2:emoji2:1.2.0] AndroidManifest.xml:27:13-37
166            <meta-data
166-->[androidx.emoji2:emoji2:1.2.0] AndroidManifest.xml:29:13-31:52
167                android:name="androidx.emoji2.text.EmojiCompatInitializer"
167-->[androidx.emoji2:emoji2:1.2.0] AndroidManifest.xml:30:17-75
168                android:value="androidx.startup" />
168-->[androidx.emoji2:emoji2:1.2.0] AndroidManifest.xml:31:17-49
169            <meta-data
169-->[androidx.lifecycle:lifecycle-process:2.6.2] AndroidManifest.xml:29:13-31:52
170                android:name="androidx.lifecycle.ProcessLifecycleInitializer"
170-->[androidx.lifecycle:lifecycle-process:2.6.2] AndroidManifest.xml:30:17-78
171                android:value="androidx.startup" />
171-->[androidx.lifecycle:lifecycle-process:2.6.2] AndroidManifest.xml:31:17-49
172            <meta-data
172-->[androidx.profileinstaller:profileinstaller:1.3.0] AndroidManifest.xml:29:13-31:52
173                android:name="androidx.profileinstaller.ProfileInstallerInitializer"
173-->[androidx.profileinstaller:profileinstaller:1.3.0] AndroidManifest.xml:30:17-85
174                android:value="androidx.startup" />
174-->[androidx.profileinstaller:profileinstaller:1.3.0] AndroidManifest.xml:31:17-49
175        </provider>
176
177        <uses-library
177-->[androidx.window:window:1.0.0] AndroidManifest.xml:25:9-27:40
178            android:name="androidx.window.extensions"
178-->[androidx.window:window:1.0.0] AndroidManifest.xml:26:13-54
179            android:required="false" />
179-->[androidx.window:window:1.0.0] AndroidManifest.xml:27:13-37
180        <uses-library
180-->[androidx.window:window:1.0.0] AndroidManifest.xml:28:9-30:40
181            android:name="androidx.window.sidecar"
181-->[androidx.window:window:1.0.0] AndroidManifest.xml:29:13-51
182            android:required="false" />
182-->[androidx.window:window:1.0.0] AndroidManifest.xml:30:13-37
183
184        <receiver
184-->[androidx.profileinstaller:profileinstaller:1.3.0] AndroidManifest.xml:34:9-52:20
185            android:name="androidx.profileinstaller.ProfileInstallReceiver"
185-->[androidx.profileinstaller:profileinstaller:1.3.0] AndroidManifest.xml:35:13-76
186            android:directBootAware="false"
186-->[androidx.profileinstaller:profileinstaller:1.3.0] AndroidManifest.xml:36:13-44
187            android:enabled="true"
187-->[androidx.profileinstaller:profileinstaller:1.3.0] AndroidManifest.xml:37:13-35
188            android:exported="true"
188-->[androidx.profileinstaller:profileinstaller:1.3.0] AndroidManifest.xml:38:13-36
189            android:permission="android.permission.DUMP" >
189-->[androidx.profileinstaller:profileinstaller:1.3.0] AndroidManifest.xml:39:13-57
190            <intent-filter>
190-->[androidx.profileinstaller:profileinstaller:1.3.0] AndroidManifest.xml:40:13-42:29
191                <action android:name="androidx.profileinstaller.action.INSTALL_PROFILE" />
191-->[androidx.profileinstaller:profileinstaller:1.3.0] AndroidManifest.xml:41:17-91
191-->[androidx.profileinstaller:profileinstaller:1.3.0] AndroidManifest.xml:41:25-88
192            </intent-filter>
193            <intent-filter>
193-->[androidx.profileinstaller:profileinstaller:1.3.0] AndroidManifest.xml:43:13-45:29
194                <action android:name="androidx.profileinstaller.action.SKIP_FILE" />
194-->[androidx.profileinstaller:profileinstaller:1.3.0] AndroidManifest.xml:44:17-85
194-->[androidx.profileinstaller:profileinstaller:1.3.0] AndroidManifest.xml:44:25-82
195            </intent-filter>
196            <intent-filter>
196-->[androidx.profileinstaller:profileinstaller:1.3.0] AndroidManifest.xml:46:13-48:29
197                <action android:name="androidx.profileinstaller.action.SAVE_PROFILE" />
197-->[androidx.profileinstaller:profileinstaller:1.3.0] AndroidManifest.xml:47:17-88
197-->[androidx.profileinstaller:profileinstaller:1.3.0] AndroidManifest.xml:47:25-85
198            </intent-filter>
199            <intent-filter>
199-->[androidx.profileinstaller:profileinstaller:1.3.0] AndroidManifest.xml:49:13-51:29
200                <action android:name="androidx.profileinstaller.action.BENCHMARK_OPERATION" />
200-->[androidx.profileinstaller:profileinstaller:1.3.0] AndroidManifest.xml:50:17-95
200-->[androidx.profileinstaller:profileinstaller:1.3.0] AndroidManifest.xml:50:25-92
201            </intent-filter>
202        </receiver>
203    </application>
204
205</manifest>